0 info it worked if it ends with ok
1 verbose cli [ 'node', '/usr/local/bin/npm', 'install', '-g', 'lodash' ]
2 info using npm@1.4.28
3 info using node@v0.10.32
4 verbose cache add [ 'lodash', null ]
5 verbose cache add name=undefined spec="lodash" args=["lodash",null]
6 verbose parsed url { protocol: null,
6 verbose parsed url   slashes: null,
6 verbose parsed url   auth: null,
6 verbose parsed url   host: null,
6 verbose parsed url   port: null,
6 verbose parsed url   hostname: null,
6 verbose parsed url   hash: null,
6 verbose parsed url   search: null,
6 verbose parsed url   query: null,
6 verbose parsed url   pathname: 'lodash',
6 verbose parsed url   path: 'lodash',
6 verbose parsed url   href: 'lodash' }
7 silly lockFile 901466a5-lodash lodash
8 verbose lock lodash /Users/piyushpoddar/.npm/901466a5-lodash.lock
9 silly lockFile 901466a5-lodash lodash
10 silly lockFile 901466a5-lodash lodash
11 verbose addNamed [ 'lodash', '' ]
12 verbose addNamed [ null, '*' ]
13 silly lockFile f856e425-lodash lodash@
14 verbose lock lodash@ /Users/piyushpoddar/.npm/f856e425-lodash.lock
15 silly addNameRange { name: 'lodash', range: '*', hasData: false }
16 verbose request where is /lodash
17 verbose request registry https://registry.npmjs.org/
18 verbose request id b15b7a0922aa9f30
19 verbose url raw /lodash
20 verbose url resolving [ 'https://registry.npmjs.org/', './lodash' ]
21 verbose url resolved https://registry.npmjs.org/lodash
22 verbose request where is https://registry.npmjs.org/lodash
23 info trying registry request attempt 1 at 01:52:10
24 verbose etag "FM7DHX2NN6SD7HQ6T0U92PP0"
25 http GET https://registry.npmjs.org/lodash
26 http 200 https://registry.npmjs.org/lodash
27 silly registry.get cb [ 200,
27 silly registry.get   { date: 'Wed, 21 Jan 2015 06:52:10 GMT',
27 silly registry.get     server: 'CouchDB/1.5.0 (Erlang OTP/R16B03)',
27 silly registry.get     etag: '"5ES0VY7NFV56PL5C1X91CJP4Q"',
27 silly registry.get     'content-type': 'application/json',
27 silly registry.get     'cache-control': 'max-age=60',
27 silly registry.get     'content-length': '74839',
27 silly registry.get     'accept-ranges': 'bytes',
27 silly registry.get     via: '1.1 varnish',
27 silly registry.get     age: '51',
27 silly registry.get     'x-served-by': 'cache-iad2128-IAD',
27 silly registry.get     'x-cache': 'HIT',
27 silly registry.get     'x-cache-hits': '2',
27 silly registry.get     'x-timer': 'S1421823130.493014,VS0,VE0',
27 silly registry.get     vary: 'Accept',
27 silly registry.get     'keep-alive': 'timeout=10, max=50',
27 silly registry.get     connection: 'Keep-Alive' } ]
28 silly addNameRange number 2 { name: 'lodash', range: '*', hasData: true }
29 silly addNameRange versions [ 'lodash',
29 silly addNameRange   [ '0.1.0',
29 silly addNameRange     '0.2.0',
29 silly addNameRange     '0.2.1',
29 silly addNameRange     '0.2.2',
29 silly addNameRange     '0.3.0',
29 silly addNameRange     '0.3.1',
29 silly addNameRange     '0.3.2',
29 silly addNameRange     '0.4.0',
29 silly addNameRange     '0.4.1',
29 silly addNameRange     '0.4.2',
29 silly addNameRange     '0.5.0-rc.1',
29 silly addNameRange     '0.5.0',
29 silly addNameRange     '0.5.1',
29 silly addNameRange     '0.5.2',
29 silly addNameRange     '0.6.0',
29 silly addNameRange     '0.6.1',
29 silly addNameRange     '0.7.0',
29 silly addNameRange     '0.8.0',
29 silly addNameRange     '0.8.1',
29 silly addNameRange     '0.8.2',
29 silly addNameRange     '0.9.0',
29 silly addNameRange     '0.9.1',
29 silly addNameRange     '0.9.2',
29 silly addNameRange     '0.10.0',
29 silly addNameRange     '1.0.0-rc.1',
29 silly addNameRange     '1.0.0-rc.2',
29 silly addNameRange     '1.0.0-rc.3',
29 silly addNameRange     '1.0.0',
29 silly addNameRange     '1.0.1',
29 silly addNameRange     '1.1.0',
29 silly addNameRange     '1.1.1',
29 silly addNameRange     '1.2.0',
29 silly addNameRange     '1.2.1',
29 silly addNameRange     '1.3.0',
29 silly addNameRange     '1.3.1',
29 silly addNameRange     '2.0.0',
29 silly addNameRange     '2.1.0',
29 silly addNameRange     '2.2.0',
29 silly addNameRange     '2.2.1',
29 silly addNameRange     '2.3.0',
29 silly addNameRange     '2.4.0',
29 silly addNameRange     '2.4.1' ] ]
30 verbose addNamed [ 'lodash', '2.4.1' ]
31 verbose addNamed [ '2.4.1', '2.4.1' ]
32 silly lockFile 8502be2a-lodash-2-4-1 lodash@2.4.1
33 verbose lock lodash@2.4.1 /Users/piyushpoddar/.npm/8502be2a-lodash-2-4-1.lock
34 silly lockFile 8502be2a-lodash-2-4-1 lodash@2.4.1
35 silly lockFile 8502be2a-lodash-2-4-1 lodash@2.4.1
36 silly lockFile f856e425-lodash lodash@
37 silly lockFile f856e425-lodash lodash@
38 silly resolved [ { name: 'lodash',
38 silly resolved     version: '2.4.1',
38 silly resolved     description: 'A utility library delivering consistency, customization, performance, & extras.',
38 silly resolved     homepage: 'http://lodash.com/',
38 silly resolved     license: 'MIT',
38 silly resolved     main: 'dist/lodash.js',
38 silly resolved     keywords:
38 silly resolved      [ 'amd',
38 silly resolved        'browser',
38 silly resolved        'client',
38 silly resolved        'customize',
38 silly resolved        'functional',
38 silly resolved        'server',
38 silly resolved        'util' ],
38 silly resolved     author:
38 silly resolved      { name: 'John-David Dalton',
38 silly resolved        email: 'john.david.dalton@gmail.com',
38 silly resolved        url: 'http://allyoucanleet.com/' },
38 silly resolved     contributors: [ [Object], [Object], [Object], [Object] ],
38 silly resolved     bugs: { url: 'https://github.com/lodash/lodash/issues' },
38 silly resolved     repository: { type: 'git', url: 'https://github.com/lodash/lodash.git' },
38 silly resolved     engines: [ 'node', 'rhino' ],
38 silly resolved     files:
38 silly resolved      [ 'LICENSE.txt',
38 silly resolved        'lodash.js',
38 silly resolved        'dist/lodash.js',
38 silly resolved        'dist/lodash.min.js',
38 silly resolved        'dist/lodash.compat.js',
38 silly resolved        'dist/lodash.compat.min.js',
38 silly resolved        'dist/lodash.underscore.js',
38 silly resolved        'dist/lodash.underscore.min.js' ],
38 silly resolved     jam: { main: 'dist/lodash.compat.js', include: [Object] },
38 silly resolved     volo: { type: 'directory', ignore: [Object] },
38 silly resolved     _id: 'lodash@2.4.1',
38 silly resolved     dist:
38 silly resolved      { shasum: '5b7723034dda4d262e5a46fb2c58d7cc22f71420',
38 silly resolved        tarball: 'http://registry.npmjs.org/lodash/-/lodash-2.4.1.tgz' },
38 silly resolved     _from: 'lodash@',
38 silly resolved     _npmVersion: '1.3.14',
38 silly resolved     _npmUser: { name: 'jdalton', email: 'john.david.dalton@gmail.com' },
38 silly resolved     maintainers: [ [Object], [Object], [Object], [Object] ],
38 silly resolved     directories: {},
38 silly resolved     _shasum: '5b7723034dda4d262e5a46fb2c58d7cc22f71420',
38 silly resolved     _resolved: 'https://registry.npmjs.org/lodash/-/lodash-2.4.1.tgz',
38 silly resolved     readme: 'ERROR: No README data found!',
38 silly resolved     scripts: {} } ]
39 info install lodash@2.4.1 into /usr/local/lib
40 info installOne lodash@2.4.1
41 verbose lib/node_modules/lodash unbuild
42 verbose tar unpack /Users/piyushpoddar/.npm/lodash/2.4.1/package.tgz
43 silly lockFile bbae722a-sr-local-lib-node-modules-lodash tar:///usr/local/lib/node_modules/lodash
44 verbose lock tar:///usr/local/lib/node_modules/lodash /Users/piyushpoddar/.npm/bbae722a-sr-local-lib-node-modules-lodash.lock
45 silly lockFile 03323718-dar-npm-lodash-2-4-1-package-tgz tar:///Users/piyushpoddar/.npm/lodash/2.4.1/package.tgz
46 verbose lock tar:///Users/piyushpoddar/.npm/lodash/2.4.1/package.tgz /Users/piyushpoddar/.npm/03323718-dar-npm-lodash-2-4-1-package-tgz.lock
47 silly gunzTarPerm modes [ '755', '644' ]
48 error Error: EACCES, mkdir '/usr/local/lib/node_modules/lodash'
48 error  { [Error: EACCES, mkdir '/usr/local/lib/node_modules/lodash']
48 error   errno: 3,
48 error   code: 'EACCES',
48 error   path: '/usr/local/lib/node_modules/lodash',
48 error   fstream_type: 'Directory',
48 error   fstream_path: '/usr/local/lib/node_modules/lodash',
48 error   fstream_class: 'DirWriter',
48 error   fstream_stack:
48 error    [ '/usr/local/lib/node_modules/npm/node_modules/fstream/lib/dir-writer.js:36:23',
48 error      '/usr/local/lib/node_modules/npm/node_modules/mkdirp/index.js:46:53',
48 error      'Object.oncomplete (fs.js:107:15)' ] }
49 error Please try running this command again as root/Administrator.
50 error System Darwin 14.0.0
51 error command "node" "/usr/local/bin/npm" "install" "-g" "lodash"
52 error cwd /Users/piyushpoddar/Documents/Matchflare/website
53 error node -v v0.10.32
54 error npm -v 1.4.28
55 error path /usr/local/lib/node_modules/lodash
56 error fstream_path /usr/local/lib/node_modules/lodash
57 error fstream_type Directory
58 error fstream_class DirWriter
59 error code EACCES
60 error errno 3
61 error stack Error: EACCES, mkdir '/usr/local/lib/node_modules/lodash'
62 error fstream_stack /usr/local/lib/node_modules/npm/node_modules/fstream/lib/dir-writer.js:36:23
62 error fstream_stack /usr/local/lib/node_modules/npm/node_modules/mkdirp/index.js:46:53
62 error fstream_stack Object.oncomplete (fs.js:107:15)
63 verbose exit [ 3, true ]
